0 info it worked if it ends with ok
1 verbose cli [ 'E:\\studySoftware\\nodejs\\setupnew\\node.exe',
1 verbose cli   'C:\\Users\\wang\\AppData\\Roaming\\npm\\node_modules\\npm\\bin\\npm-cli.js',
1 verbose cli   'install',
1 verbose cli   'bcrypt' ]
2 info using npm@3.8.3
3 info using node@v4.4.0
4 silly loadCurrentTree Starting
5 silly install loadCurrentTree
6 silly install readLocalPackageData
7 silly fetchPackageMetaData bcrypt@0.7.3
8 silly fetchNamedPackageData bcrypt
9 silly mapToRegistry name bcrypt
10 silly mapToRegistry using default registry
11 silly mapToRegistry registry http://registry.npmjs.org/
12 silly mapToRegistry data Result {
12 silly mapToRegistry   raw: 'bcrypt',
12 silly mapToRegistry   scope: null,
12 silly mapToRegistry   name: 'bcrypt',
12 silly mapToRegistry   rawSpec: '',
12 silly mapToRegistry   spec: 'latest',
12 silly mapToRegistry   type: 'tag' }
13 silly mapToRegistry uri http://registry.npmjs.org/bcrypt
14 verbose request uri http://registry.npmjs.org/bcrypt
15 verbose request no auth needed
16 info attempt registry request try #1 at 14:16:53
17 verbose request using bearer token for auth
18 verbose request id fa2ce8930810410a
19 verbose etag "4DL2KVR8GU02L3AXLD33PQXUW"
20 http request GET http://registry.npmjs.org/bcrypt
21 http 304 http://registry.npmjs.org/bcrypt
22 verbose headers { 'cache-control': 'max-age=300',
22 verbose headers   'accept-ranges': 'bytes',
22 verbose headers   date: 'Wed, 06 Apr 2016 06:16:58 GMT',
22 verbose headers   via: '1.1 varnish',
22 verbose headers   connection: 'keep-alive',
22 verbose headers   'x-served-by': 'cache-sjc3129-SJC',
22 verbose headers   'x-cache': 'MISS',
22 verbose headers   'x-cache-hits': '0',
22 verbose headers   'x-timer': 'S1459923418.152718,VS0,VE352',
22 verbose headers   vary: 'Accept-Encoding' }
23 silly get cb [ 304,
23 silly get   { 'cache-control': 'max-age=300',
23 silly get     'accept-ranges': 'bytes',
23 silly get     date: 'Wed, 06 Apr 2016 06:16:58 GMT',
23 silly get     via: '1.1 varnish',
23 silly get     connection: 'keep-alive',
23 silly get     'x-served-by': 'cache-sjc3129-SJC',
23 silly get     'x-cache': 'MISS',
23 silly get     'x-cache-hits': '0',
23 silly get     'x-timer': 'S1459923418.152718,VS0,VE352',
23 silly get     vary: 'Accept-Encoding' } ]
24 verbose etag http://registry.npmjs.org/bcrypt from cache
25 verbose get saving bcrypt to C:\Users\wang\AppData\Roaming\npm-cache\registry.npmjs.org\bcrypt\.cache.json
26 verbose correctMkdir C:\Users\wang\AppData\Roaming\npm-cache correctMkdir not in flight; initializing
27 silly install normalizeTree
28 silly loadCurrentTree Finishing
29 silly loadIdealTree Starting
30 silly install loadIdealTree
31 silly cloneCurrentTree Starting
32 silly install cloneCurrentTreeToIdealTree
33 silly cloneCurrentTree Finishing
34 silly loadShrinkwrap Starting
35 silly install loadShrinkwrap
36 silly loadShrinkwrap Finishing
37 silly loadAllDepsIntoIdealTree Starting
38 silly install loadAllDepsIntoIdealTree
39 silly resolveWithNewModule bcrypt@0.7.3 checking installable status
40 silly cache add args [ 'bcrypt@0.7.3', null ]
41 verbose cache add spec bcrypt@0.7.3
42 silly cache add parsed spec Result {
42 silly cache add   raw: 'bcrypt@0.7.3',
42 silly cache add   scope: null,
42 silly cache add   name: 'bcrypt',
42 silly cache add   rawSpec: '0.7.3',
42 silly cache add   spec: '0.7.3',
42 silly cache add   type: 'version' }
43 silly addNamed bcrypt@0.7.3
44 verbose addNamed "0.7.3" is a plain semver version for bcrypt
45 silly mapToRegistry name bcrypt
46 silly mapToRegistry using default registry
47 silly mapToRegistry registry http://registry.npmjs.org/
48 silly mapToRegistry data Result {
48 silly mapToRegistry   raw: 'bcrypt',
48 silly mapToRegistry   scope: null,
48 silly mapToRegistry   name: 'bcrypt',
48 silly mapToRegistry   rawSpec: '',
48 silly mapToRegistry   spec: 'latest',
48 silly mapToRegistry   type: 'tag' }
49 silly mapToRegistry uri http://registry.npmjs.org/bcrypt
50 verbose addNameVersion registry:http://registry.npmjs.org/bcrypt not in flight; fetching
51 verbose get http://registry.npmjs.org/bcrypt not expired, no request
52 silly cache afterAdd bcrypt@0.7.3
53 verbose afterAdd C:\Users\wang\AppData\Roaming\npm-cache\bcrypt\0.7.3\package\package.json not in flight; writing
54 verbose correctMkdir C:\Users\wang\AppData\Roaming\npm-cache correctMkdir not in flight; initializing
55 verbose afterAdd C:\Users\wang\AppData\Roaming\npm-cache\bcrypt\0.7.3\package\package.json written
56 silly fetchNamedPackageData bindings
57 silly mapToRegistry name bindings
58 silly mapToRegistry using default registry
59 silly mapToRegistry registry http://registry.npmjs.org/
60 silly mapToRegistry data Result {
60 silly mapToRegistry   raw: 'bindings',
60 silly mapToRegistry   scope: null,
60 silly mapToRegistry   name: 'bindings',
60 silly mapToRegistry   rawSpec: '',
60 silly mapToRegistry   spec: 'latest',
60 silly mapToRegistry   type: 'tag' }
61 silly mapToRegistry uri http://registry.npmjs.org/bindings
62 verbose request uri http://registry.npmjs.org/bindings
63 verbose request no auth needed
64 info attempt registry request try #1 at 14:16:54
65 verbose request using bearer token for auth
66 verbose etag "1LLBF9OH58DLBEL4629U6032D"
67 http request GET http://registry.npmjs.org/bindings
68 http 304 http://registry.npmjs.org/bindings
69 verbose headers { 'cache-control': 'max-age=300',
69 verbose headers   'accept-ranges': 'bytes',
69 verbose headers   date: 'Wed, 06 Apr 2016 06:16:59 GMT',
69 verbose headers   via: '1.1 varnish',
69 verbose headers   connection: 'keep-alive',
69 verbose headers   'x-served-by': 'cache-sjc3129-SJC',
69 verbose headers   'x-cache': 'MISS',
69 verbose headers   'x-cache-hits': '0',
69 verbose headers   'x-timer': 'S1459923418.993853,VS0,VE128',
69 verbose headers   vary: 'Accept-Encoding' }
70 silly get cb [ 304,
70 silly get   { 'cache-control': 'max-age=300',
70 silly get     'accept-ranges': 'bytes',
70 silly get     date: 'Wed, 06 Apr 2016 06:16:59 GMT',
70 silly get     via: '1.1 varnish',
70 silly get     connection: 'keep-alive',
70 silly get     'x-served-by': 'cache-sjc3129-SJC',
70 silly get     'x-cache': 'MISS',
70 silly get     'x-cache-hits': '0',
70 silly get     'x-timer': 'S1459923418.993853,VS0,VE128',
70 silly get     vary: 'Accept-Encoding' } ]
71 verbose etag http://registry.npmjs.org/bindings from cache
72 verbose get saving bindings to C:\Users\wang\AppData\Roaming\npm-cache\registry.npmjs.org\bindings\.cache.json
73 verbose correctMkdir C:\Users\wang\AppData\Roaming\npm-cache correctMkdir not in flight; initializing
74 silly resolveWithNewModule bindings@1.0.0 checking installable status
75 silly cache add args [ 'bindings@1.0.0', null ]
76 verbose cache add spec bindings@1.0.0
77 silly cache add parsed spec Result {
77 silly cache add   raw: 'bindings@1.0.0',
77 silly cache add   scope: null,
77 silly cache add   name: 'bindings',
77 silly cache add   rawSpec: '1.0.0',
77 silly cache add   spec: '1.0.0',
77 silly cache add   type: 'version' }
78 silly addNamed bindings@1.0.0
79 verbose addNamed "1.0.0" is a plain semver version for bindings
80 silly mapToRegistry name bindings
81 silly mapToRegistry using default registry
82 silly mapToRegistry registry http://registry.npmjs.org/
83 silly mapToRegistry data Result {
83 silly mapToRegistry   raw: 'bindings',
83 silly mapToRegistry   scope: null,
83 silly mapToRegistry   name: 'bindings',
83 silly mapToRegistry   rawSpec: '',
83 silly mapToRegistry   spec: 'latest',
83 silly mapToRegistry   type: 'tag' }
84 silly mapToRegistry uri http://registry.npmjs.org/bindings
85 verbose addNameVersion registry:http://registry.npmjs.org/bindings not in flight; fetching
86 verbose get http://registry.npmjs.org/bindings not expired, no request
87 silly cache afterAdd bindings@1.0.0
88 verbose afterAdd C:\Users\wang\AppData\Roaming\npm-cache\bindings\1.0.0\package\package.json not in flight; writing
89 verbose correctMkdir C:\Users\wang\AppData\Roaming\npm-cache correctMkdir not in flight; initializing
90 verbose afterAdd C:\Users\wang\AppData\Roaming\npm-cache\bindings\1.0.0\package\package.json written
91 silly fetchNamedPackageData hiredis
92 silly mapToRegistry name hiredis
93 silly mapToRegistry using default registry
94 silly mapToRegistry registry http://registry.npmjs.org/
95 silly mapToRegistry data Result {
95 silly mapToRegistry   raw: 'hiredis',
95 silly mapToRegistry   scope: null,
95 silly mapToRegistry   name: 'hiredis',
95 silly mapToRegistry   rawSpec: '',
95 silly mapToRegistry   spec: 'latest',
95 silly mapToRegistry   type: 'tag' }
96 silly mapToRegistry uri http://registry.npmjs.org/hiredis
97 verbose request uri http://registry.npmjs.org/hiredis
98 verbose request no auth needed
99 info attempt registry request try #1 at 14:16:55
100 verbose request using bearer token for auth
101 verbose etag "DZ9Y9UR1ZE0XKKCEZ8I6EYVOB"
102 http request GET http://registry.npmjs.org/hiredis
103 http 304 http://registry.npmjs.org/hiredis
104 verbose headers { 'cache-control': 'max-age=300',
104 verbose headers   'accept-ranges': 'bytes',
104 verbose headers   date: 'Wed, 06 Apr 2016 06:16:59 GMT',
104 verbose headers   via: '1.1 varnish',
104 verbose headers   connection: 'keep-alive',
104 verbose headers   'x-served-by': 'cache-sjc3129-SJC',
104 verbose headers   'x-cache': 'MISS',
104 verbose headers   'x-cache-hits': '0',
104 verbose headers   'x-timer': 'S1459923419.556548,VS0,VE87',
104 verbose headers   vary: 'Accept-Encoding' }
105 silly get cb [ 304,
105 silly get   { 'cache-control': 'max-age=300',
105 silly get     'accept-ranges': 'bytes',
105 silly get     date: 'Wed, 06 Apr 2016 06:16:59 GMT',
105 silly get     via: '1.1 varnish',
105 silly get     connection: 'keep-alive',
105 silly get     'x-served-by': 'cache-sjc3129-SJC',
105 silly get     'x-cache': 'MISS',
105 silly get     'x-cache-hits': '0',
105 silly get     'x-timer': 'S1459923419.556548,VS0,VE87',
105 silly get     vary: 'Accept-Encoding' } ]
106 verbose etag http://registry.npmjs.org/hiredis from cache
107 verbose get saving hiredis to C:\Users\wang\AppData\Roaming\npm-cache\registry.npmjs.org\hiredis\.cache.json
108 verbose correctMkdir C:\Users\wang\AppData\Roaming\npm-cache correctMkdir not in flight; initializing
109 silly resolveWithNewModule hiredis@0.4.1 checking installable status
110 silly cache add args [ 'hiredis@*', null ]
111 verbose cache add spec hiredis@*
112 silly cache add parsed spec Result {
112 silly cache add   raw: 'hiredis@*',
112 silly cache add   scope: null,
112 silly cache add   name: 'hiredis',
112 silly cache add   rawSpec: '*',
112 silly cache add   spec: '*',
112 silly cache add   type: 'range' }
113 silly addNamed hiredis@*
114 verbose addNamed "*" is a valid semver range for hiredis
115 silly addNameRange { name: 'hiredis', range: '*', hasData: false }
116 silly mapToRegistry name hiredis
117 silly mapToRegistry using default registry
118 silly mapToRegistry registry http://registry.npmjs.org/
119 silly mapToRegistry data Result {
119 silly mapToRegistry   raw: 'hiredis',
119 silly mapToRegistry   scope: null,
119 silly mapToRegistry   name: 'hiredis',
119 silly mapToRegistry   rawSpec: '',
119 silly mapToRegistry   spec: 'latest',
119 silly mapToRegistry   type: 'tag' }
120 silly mapToRegistry uri http://registry.npmjs.org/hiredis
121 verbose addNameRange registry:http://registry.npmjs.org/hiredis not in flight; fetching
122 verbose get http://registry.npmjs.org/hiredis not expired, no request
123 silly addNameRange number 2 { name: 'hiredis', range: '*', hasData: true }
124 silly addNameRange versions [ 'hiredis',
124 silly addNameRange   [ '0.1.0',
124 silly addNameRange     '0.1.1',
124 silly addNameRange     '0.1.2',
124 silly addNameRange     '0.1.3',
124 silly addNameRange     '0.1.4',
124 silly addNameRange     '0.1.5',
124 silly addNameRange     '0.1.6',
124 silly addNameRange     '0.1.8',
124 silly addNameRange     '0.1.9',
124 silly addNameRange     '0.1.10',
124 silly addNameRange     '0.1.12',
124 silly addNameRange     '0.1.13',
124 silly addNameRange     '0.1.14',
124 silly addNameRange     '0.1.15',
124 silly addNameRange     '0.1.16',
124 silly addNameRange     '0.1.17',
124 silly addNameRange     '0.2.0',
124 silly addNameRange     '0.3.0',
124 silly addNameRange     '0.4.0',
124 silly addNameRange     '0.4.1' ] ]
125 silly addNamed hiredis@0.4.1
126 verbose addNamed "0.4.1" is a plain semver version for hiredis
127 silly cache afterAdd hiredis@0.4.1
128 verbose afterAdd C:\Users\wang\AppData\Roaming\npm-cache\hiredis\0.4.1\package\package.json not in flight; writing
129 verbose correctMkdir C:\Users\wang\AppData\Roaming\npm-cache correctMkdir not in flight; initializing
130 verbose afterAdd C:\Users\wang\AppData\Roaming\npm-cache\hiredis\0.4.1\package\package.json written
131 silly fetchNamedPackageData nan
132 silly mapToRegistry name nan
133 silly mapToRegistry using default registry
134 silly mapToRegistry registry http://registry.npmjs.org/
135 silly mapToRegistry data Result {
135 silly mapToRegistry   raw: 'nan',
135 silly mapToRegistry   scope: null,
135 silly mapToRegistry   name: 'nan',
135 silly mapToRegistry   rawSpec: '',
135 silly mapToRegistry   spec: 'latest',
135 silly mapToRegistry   type: 'tag' }
136 silly mapToRegistry uri http://registry.npmjs.org/nan
137 verbose request uri http://registry.npmjs.org/nan
138 verbose request no auth needed
139 info attempt registry request try #1 at 14:16:55
140 verbose request using bearer token for auth
141 verbose etag "2UZKQOUIL0TMX4WY7FZ5Q5HJQ"
142 http request GET http://registry.npmjs.org/nan
143 http 304 http://registry.npmjs.org/nan
144 verbose headers { 'cache-control': 'max-age=300',
144 verbose headers   'accept-ranges': 'bytes',
144 verbose headers   date: 'Wed, 06 Apr 2016 06:17:00 GMT',
144 verbose headers   via: '1.1 varnish',
144 verbose headers   connection: 'keep-alive',
144 verbose headers   'x-served-by': 'cache-sjc3129-SJC',
144 verbose headers   'x-cache': 'MISS',
144 verbose headers   'x-cache-hits': '0',
144 verbose headers   'x-timer': 'S1459923419.944018,VS0,VE353',
144 verbose headers   vary: 'Accept-Encoding' }
145 silly get cb [ 304,
145 silly get   { 'cache-control': 'max-age=300',
145 silly get     'accept-ranges': 'bytes',
145 silly get     date: 'Wed, 06 Apr 2016 06:17:00 GMT',
145 silly get     via: '1.1 varnish',
145 silly get     connection: 'keep-alive',
145 silly get     'x-served-by': 'cache-sjc3129-SJC',
145 silly get     'x-cache': 'MISS',
145 silly get     'x-cache-hits': '0',
145 silly get     'x-timer': 'S1459923419.944018,VS0,VE353',
145 silly get     vary: 'Accept-Encoding' } ]
146 verbose etag http://registry.npmjs.org/nan from cache
147 verbose get saving nan to C:\Users\wang\AppData\Roaming\npm-cache\registry.npmjs.org\nan\.cache.json
148 verbose correctMkdir C:\Users\wang\AppData\Roaming\npm-cache correctMkdir not in flight; initializing
149 silly resolveWithNewModule nan@2.2.1 checking installable status
150 silly cache add args [ 'nan@^2.0.5', null ]
151 verbose cache add spec nan@^2.0.5
152 silly cache add parsed spec Result {
152 silly cache add   raw: 'nan@^2.0.5',
152 silly cache add   scope: null,
152 silly cache add   name: 'nan',
152 silly cache add   rawSpec: '^2.0.5',
152 silly cache add   spec: '>=2.0.5 <3.0.0',
152 silly cache add   type: 'range' }
153 silly addNamed nan@>=2.0.5 <3.0.0
154 verbose addNamed ">=2.0.5 <3.0.0" is a valid semver range for nan
155 silly addNameRange { name: 'nan', range: '>=2.0.5 <3.0.0', hasData: false }
156 silly mapToRegistry name nan
157 silly mapToRegistry using default registry
158 silly mapToRegistry registry http://registry.npmjs.org/
159 silly mapToRegistry data Result {
159 silly mapToRegistry   raw: 'nan',
159 silly mapToRegistry   scope: null,
159 silly mapToRegistry   name: 'nan',
159 silly mapToRegistry   rawSpec: '',
159 silly mapToRegistry   spec: 'latest',
159 silly mapToRegistry   type: 'tag' }
160 silly mapToRegistry uri http://registry.npmjs.org/nan
161 verbose addNameRange registry:http://registry.npmjs.org/nan not in flight; fetching
162 verbose get http://registry.npmjs.org/nan not expired, no request
163 silly addNameRange number 2 { name: 'nan', range: '>=2.0.5 <3.0.0', hasData: true }
164 silly addNameRange versions [ 'nan',
164 silly addNameRange   [ '0.3.0-wip',
164 silly addNameRange     '0.3.0-wip2',
164 silly addNameRange     '0.3.0',
164 silly addNameRange     '0.3.1',
164 silly addNameRange     '0.3.2',
164 silly addNameRange     '0.4.0',
164 silly addNameRange     '0.4.1',
164 silly addNameRange     '0.4.2',
164 silly addNameRange     '0.4.3',
164 silly addNameRange     '0.4.4',
164 silly addNameRange     '0.5.0',
164 silly addNameRange     '0.5.1',
164 silly addNameRange     '0.5.2',
164 silly addNameRange     '0.6.0',
164 silly addNameRange     '0.7.0',
164 silly addNameRange     '0.7.1',
164 silly addNameRange     '0.8.0',
164 silly addNameRange     '1.0.0',
164 silly addNameRange     '1.1.0',
164 silly addNameRange     '1.1.1',
164 silly addNameRange     '1.1.2',
164 silly addNameRange     '1.2.0',
164 silly addNameRange     '1.3.0',
164 silly addNameRange     '1.4.0',
164 silly addNameRange     '1.4.1',
164 silly addNameRange     '1.5.0',
164 silly addNameRange     '1.4.2',
164 silly addNameRange     '1.4.3',
164 silly addNameRange     '1.5.1',
164 silly addNameRange     '1.5.2',
164 silly addNameRange     '1.6.0',
164 silly addNameRange     '1.5.3',
164 silly addNameRange     '1.6.1',
164 silly addNameRange     '1.6.2',
164 silly addNameRange     '1.7.0',
164 silly addNameRange     '1.8.0',
164 silly addNameRange     '1.8.1',
164 silly addNameRange     '1.8.2',
164 silly addNameRange     '1.8.3',
164 silly addNameRange     '1.8.4',
164 silly addNameRange     '1.9.0',
164 silly addNameRange     '2.0.0',
164 silly addNameRange     '2.0.1',
164 silly addNameRange     '2.0.2',
164 silly addNameRange     '2.0.3',
164 silly addNameRange     '2.0.4',
164 silly addNameRange     '2.0.5',
164 silly addNameRange     '2.0.6',
164 silly addNameRange     '2.0.7',
164 silly addNameRange     '2.0.8',
164 silly addNameRange     '2.0.9',
164 silly addNameRange     '2.1.0',
164 silly addNameRange     '2.2.0',
164 silly addNameRange     '2.2.1' ] ]
165 silly addNamed nan@2.2.1
166 verbose addNamed "2.2.1" is a plain semver version for nan
167 silly cache afterAdd nan@2.2.1
168 verbose afterAdd C:\Users\wang\AppData\Roaming\npm-cache\nan\2.2.1\package\package.json not in flight; writing
169 verbose correctMkdir C:\Users\wang\AppData\Roaming\npm-cache correctMkdir not in flight; initializing
170 verbose afterAdd C:\Users\wang\AppData\Roaming\npm-cache\nan\2.2.1\package\package.json written
171 silly loadAllDepsIntoIdealTree Finishing
172 silly idealTree:prePrune shoutbos@0.0.1
172 silly idealTree:prePrune +-- accepts@1.2.13
172 silly idealTree:prePrune +-- base64-url@1.2.1
172 silly idealTree:prePrune +-- basic-auth-connect@1.0.0
172 silly idealTree:prePrune +-- basic-auth@1.0.3
172 silly idealTree:prePrune +-- batch@0.5.3
172 silly idealTree:prePrune +-- bcrypt@0.7.3
172 silly idealTree:prePrune +-- bindings@1.0.0
172 silly idealTree:prePrune +-- body-parser@1.13.3
172 silly idealTree:prePrune +-- bytes@2.1.0
172 silly idealTree:prePrune +-- commander@2.6.0
172 silly idealTree:prePrune +-- compressible@2.0.7
172 silly idealTree:prePrune +-- compression@1.5.2
172 silly idealTree:prePrune +-- connect-timeout@1.6.2
172 silly idealTree:prePrune +-- connect@2.30.2
172 silly idealTree:prePrune +-- content-disposition@0.5.0
172 silly idealTree:prePrune +-- content-type@1.0.1
172 silly idealTree:prePrune +-- cookie-parser@1.3.5
172 silly idealTree:prePrune +-- cookie-signature@1.0.6
172 silly idealTree:prePrune +-- cookie@0.1.3
172 silly idealTree:prePrune +-- core-util-is@1.0.2
172 silly idealTree:prePrune +-- crc@3.3.0
172 silly idealTree:prePrune +-- csrf@3.0.1
172 silly idealTree:prePrune +-- csurf@1.8.3
172 silly idealTree:prePrune +-- debug@2.2.0
172 silly idealTree:prePrune +-- depd@1.0.1
172 silly idealTree:prePrune +-- destroy@1.0.4
172 silly idealTree:prePrune +-- ee-first@1.1.1
172 silly idealTree:prePrune +-- ejs@2.4.1
172 silly idealTree:prePrune +-- errorhandler@1.4.3
172 silly idealTree:prePrune | +-- accepts@1.3.2
172 silly idealTree:prePrune | +-- escape-html@1.0.3
172 silly idealTree:prePrune | `-- negotiator@0.6.0
172 silly idealTree:prePrune +-- escape-html@1.0.2
172 silly idealTree:prePrune +-- etag@1.7.0
172 silly idealTree:prePrune +-- express-session@1.11.3
172 silly idealTree:prePrune | `-- uid-safe@2.0.0
172 silly idealTree:prePrune +-- express@3.21.2
172 silly idealTree:prePrune +-- finalhandler@0.4.0
172 silly idealTree:prePrune +-- forwarded@0.1.0
172 silly idealTree:prePrune +-- fresh@0.3.0
172 silly idealTree:prePrune +-- hiredis@0.4.1
172 silly idealTree:prePrune +-- http-errors@1.3.1
172 silly idealTree:prePrune +-- iconv-lite@0.4.11
172 silly idealTree:prePrune +-- inherits@2.0.1
172 silly idealTree:prePrune +-- ipaddr.js@1.0.5
172 silly idealTree:prePrune +-- isarray@0.0.1
172 silly idealTree:prePrune +-- media-typer@0.3.0
172 silly idealTree:prePrune +-- merge-descriptors@1.0.0
172 silly idealTree:prePrune +-- method-override@2.3.5
172 silly idealTree:prePrune +-- methods@1.1.2
172 silly idealTree:prePrune +-- mime-db@1.22.0
172 silly idealTree:prePrune +-- mime-types@2.1.10
172 silly idealTree:prePrune +-- mime@1.3.4
172 silly idealTree:prePrune +-- minimist@0.0.8
172 silly idealTree:prePrune +-- mkdirp@0.5.1
172 silly idealTree:prePrune +-- morgan@1.6.1
172 silly idealTree:prePrune +-- ms@0.7.1
172 silly idealTree:prePrune +-- multiparty@3.3.2
172 silly idealTree:prePrune +-- nan@2.2.1
172 silly idealTree:prePrune +-- negotiator@0.5.3
172 silly idealTree:prePrune +-- on-finished@2.3.0
172 silly idealTree:prePrune +-- on-headers@1.0.1
172 silly idealTree:prePrune +-- parseurl@1.3.1
172 silly idealTree:prePrune +-- pause@0.1.0
172 silly idealTree:prePrune +-- proxy-addr@1.0.10
172 silly idealTree:prePrune +-- qs@4.0.0
172 silly idealTree:prePrune +-- random-bytes@1.0.0
172 silly idealTree:prePrune +-- range-parser@1.0.3
172 silly idealTree:prePrune +-- raw-body@2.1.6
172 silly idealTree:prePrune | +-- bytes@2.3.0
172 silly idealTree:prePrune | `-- iconv-lite@0.4.13
172 silly idealTree:prePrune +-- readable-stream@1.1.13
172 silly idealTree:prePrune +-- redis@0.7.2
172 silly idealTree:prePrune +-- response-time@2.3.1
172 silly idealTree:prePrune +-- rndm@1.2.0
172 silly idealTree:prePrune +-- scmp@1.0.0
172 silly idealTree:prePrune +-- send@0.13.0
172 silly idealTree:prePrune | `-- destroy@1.0.3
172 silly idealTree:prePrune +-- serve-favicon@2.3.0
172 silly idealTree:prePrune +-- serve-index@1.7.3
172 silly idealTree:prePrune | `-- escape-html@1.0.3
172 silly idealTree:prePrune +-- serve-static@1.10.2
172 silly idealTree:prePrune | +-- depd@1.1.0
172 silly idealTree:prePrune | +-- escape-html@1.0.3
172 silly idealTree:prePrune | `-- send@0.13.1
172 silly idealTree:prePrune +-- statuses@1.2.1
172 silly idealTree:prePrune +-- stream-counter@0.2.0
172 silly idealTree:prePrune +-- string_decoder@0.10.31
172 silly idealTree:prePrune +-- type-is@1.6.12
172 silly idealTree:prePrune +-- uid-safe@2.1.0
172 silly idealTree:prePrune +-- unpipe@1.0.0
172 silly idealTree:prePrune +-- utils-merge@1.0.0
172 silly idealTree:prePrune +-- vary@1.0.1
172 silly idealTree:prePrune `-- vhost@3.0.2
173 silly loadIdealTree Finishing
174 silly currentTree shoutbos@0.0.1
174 silly currentTree +-- accepts@1.2.13
174 silly currentTree +-- base64-url@1.2.1
174 silly currentTree +-- basic-auth-connect@1.0.0
174 silly currentTree +-- basic-auth@1.0.3
174 silly currentTree +-- batch@0.5.3
174 silly currentTree +-- body-parser@1.13.3
174 silly currentTree +-- bytes@2.1.0
174 silly currentTree +-- commander@2.6.0
174 silly currentTree +-- compressible@2.0.7
174 silly currentTree +-- compression@1.5.2
174 silly currentTree +-- connect-timeout@1.6.2
174 silly currentTree +-- connect@2.30.2
174 silly currentTree +-- content-disposition@0.5.0
174 silly currentTree +-- content-type@1.0.1
174 silly currentTree +-- cookie-parser@1.3.5
174 silly currentTree +-- cookie-signature@1.0.6
174 silly currentTree +-- cookie@0.1.3
174 silly currentTree +-- core-util-is@1.0.2
174 silly currentTree +-- crc@3.3.0
174 silly currentTree +-- csrf@3.0.1
174 silly currentTree +-- csurf@1.8.3
174 silly currentTree +-- debug@2.2.0
174 silly currentTree +-- depd@1.0.1
174 silly currentTree +-- destroy@1.0.4
174 silly currentTree +-- ee-first@1.1.1
174 silly currentTree +-- ejs@2.4.1
174 silly currentTree +-- errorhandler@1.4.3
174 silly currentTree | +-- accepts@1.3.2
174 silly currentTree | +-- escape-html@1.0.3
174 silly currentTree | `-- negotiator@0.6.0
174 silly currentTree +-- escape-html@1.0.2
174 silly currentTree +-- etag@1.7.0
174 silly currentTree +-- express-session@1.11.3
174 silly currentTree | `-- uid-safe@2.0.0
174 silly currentTree +-- express@3.21.2
174 silly currentTree +-- finalhandler@0.4.0
174 silly currentTree +-- forwarded@0.1.0
174 silly currentTree +-- fresh@0.3.0
174 silly currentTree +-- http-errors@1.3.1
174 silly currentTree +-- iconv-lite@0.4.11
174 silly currentTree +-- inherits@2.0.1
174 silly currentTree +-- ipaddr.js@1.0.5
174 silly currentTree +-- isarray@0.0.1
174 silly currentTree +-- media-typer@0.3.0
174 silly currentTree +-- merge-descriptors@1.0.0
174 silly currentTree +-- method-override@2.3.5
174 silly currentTree +-- methods@1.1.2
174 silly currentTree +-- mime-db@1.22.0
174 silly currentTree +-- mime-types@2.1.10
174 silly currentTree +-- mime@1.3.4
174 silly currentTree +-- minimist@0.0.8
174 silly currentTree +-- mkdirp@0.5.1
174 silly currentTree +-- morgan@1.6.1
174 silly currentTree +-- ms@0.7.1
174 silly currentTree +-- multiparty@3.3.2
174 silly currentTree +-- negotiator@0.5.3
174 silly currentTree +-- on-finished@2.3.0
174 silly currentTree +-- on-headers@1.0.1
174 silly currentTree +-- parseurl@1.3.1
174 silly currentTree +-- pause@0.1.0
174 silly currentTree +-- proxy-addr@1.0.10
174 silly currentTree +-- qs@4.0.0
174 silly currentTree +-- random-bytes@1.0.0
174 silly currentTree +-- range-parser@1.0.3
174 silly currentTree +-- raw-body@2.1.6
174 silly currentTree | +-- bytes@2.3.0
174 silly currentTree | `-- iconv-lite@0.4.13
174 silly currentTree +-- readable-stream@1.1.13
174 silly currentTree +-- redis@0.7.2
174 silly currentTree +-- response-time@2.3.1
174 silly currentTree +-- rndm@1.2.0
174 silly currentTree +-- scmp@1.0.0
174 silly currentTree +-- send@0.13.0
174 silly currentTree | `-- destroy@1.0.3
174 silly currentTree +-- serve-favicon@2.3.0
174 silly currentTree +-- serve-index@1.7.3
174 silly currentTree | `-- escape-html@1.0.3
174 silly currentTree +-- serve-static@1.10.2
174 silly currentTree | +-- depd@1.1.0
174 silly currentTree | +-- escape-html@1.0.3
174 silly currentTree | `-- send@0.13.1
174 silly currentTree +-- statuses@1.2.1
174 silly currentTree +-- stream-counter@0.2.0
174 silly currentTree +-- string_decoder@0.10.31
174 silly currentTree +-- type-is@1.6.12
174 silly currentTree +-- uid-safe@2.1.0
174 silly currentTree +-- unpipe@1.0.0
174 silly currentTree +-- utils-merge@1.0.0
174 silly currentTree +-- vary@1.0.1
174 silly currentTree `-- vhost@3.0.2
175 silly idealTree shoutbos@0.0.1
175 silly idealTree +-- accepts@1.2.13
175 silly idealTree +-- base64-url@1.2.1
175 silly idealTree +-- basic-auth-connect@1.0.0
175 silly idealTree +-- basic-auth@1.0.3
175 silly idealTree +-- batch@0.5.3
175 silly idealTree +-- bcrypt@0.7.3
175 silly idealTree +-- bindings@1.0.0
175 silly idealTree +-- body-parser@1.13.3
175 silly idealTree +-- bytes@2.1.0
175 silly idealTree +-- commander@2.6.0
175 silly idealTree +-- compressible@2.0.7
175 silly idealTree +-- compression@1.5.2
175 silly idealTree +-- connect-timeout@1.6.2
175 silly idealTree +-- connect@2.30.2
175 silly idealTree +-- content-disposition@0.5.0
175 silly idealTree +-- content-type@1.0.1
175 silly idealTree +-- cookie-parser@1.3.5
175 silly idealTree +-- cookie-signature@1.0.6
175 silly idealTree +-- cookie@0.1.3
175 silly idealTree +-- core-util-is@1.0.2
175 silly idealTree +-- crc@3.3.0
175 silly idealTree +-- csrf@3.0.1
175 silly idealTree +-- csurf@1.8.3
175 silly idealTree +-- debug@2.2.0
175 silly idealTree +-- depd@1.0.1
175 silly idealTree +-- destroy@1.0.4
175 silly idealTree +-- ee-first@1.1.1
175 silly idealTree +-- ejs@2.4.1
175 silly idealTree +-- errorhandler@1.4.3
175 silly idealTree | +-- accepts@1.3.2
175 silly idealTree | +-- escape-html@1.0.3
175 silly idealTree | `-- negotiator@0.6.0
175 silly idealTree +-- escape-html@1.0.2
175 silly idealTree +-- etag@1.7.0
175 silly idealTree +-- express-session@1.11.3
175 silly idealTree | `-- uid-safe@2.0.0
175 silly idealTree +-- express@3.21.2
175 silly idealTree +-- finalhandler@0.4.0
175 silly idealTree +-- forwarded@0.1.0
175 silly idealTree +-- fresh@0.3.0
175 silly idealTree +-- hiredis@0.4.1
175 silly idealTree +-- http-errors@1.3.1
175 silly idealTree +-- iconv-lite@0.4.11
175 silly idealTree +-- inherits@2.0.1
175 silly idealTree +-- ipaddr.js@1.0.5
175 silly idealTree +-- isarray@0.0.1
175 silly idealTree +-- media-typer@0.3.0
175 silly idealTree +-- merge-descriptors@1.0.0
175 silly idealTree +-- method-override@2.3.5
175 silly idealTree +-- methods@1.1.2
175 silly idealTree +-- mime-db@1.22.0
175 silly idealTree +-- mime-types@2.1.10
175 silly idealTree +-- mime@1.3.4
175 silly idealTree +-- minimist@0.0.8
175 silly idealTree +-- mkdirp@0.5.1
175 silly idealTree +-- morgan@1.6.1
175 silly idealTree +-- ms@0.7.1
175 silly idealTree +-- multiparty@3.3.2
175 silly idealTree +-- nan@2.2.1
175 silly idealTree +-- negotiator@0.5.3
175 silly idealTree +-- on-finished@2.3.0
175 silly idealTree +-- on-headers@1.0.1
175 silly idealTree +-- parseurl@1.3.1
175 silly idealTree +-- pause@0.1.0
175 silly idealTree +-- proxy-addr@1.0.10
175 silly idealTree +-- qs@4.0.0
175 silly idealTree +-- random-bytes@1.0.0
175 silly idealTree +-- range-parser@1.0.3
175 silly idealTree +-- raw-body@2.1.6
175 silly idealTree | +-- bytes@2.3.0
175 silly idealTree | `-- iconv-lite@0.4.13
175 silly idealTree +-- readable-stream@1.1.13
175 silly idealTree +-- redis@0.7.2
175 silly idealTree +-- response-time@2.3.1
175 silly idealTree +-- rndm@1.2.0
175 silly idealTree +-- scmp@1.0.0
175 silly idealTree +-- send@0.13.0
175 silly idealTree | `-- destroy@1.0.3
175 silly idealTree +-- serve-favicon@2.3.0
175 silly idealTree +-- serve-index@1.7.3
175 silly idealTree | `-- escape-html@1.0.3
175 silly idealTree +-- serve-static@1.10.2
175 silly idealTree | +-- depd@1.1.0
175 silly idealTree | +-- escape-html@1.0.3
175 silly idealTree | `-- send@0.13.1
175 silly idealTree +-- statuses@1.2.1
175 silly idealTree +-- stream-counter@0.2.0
175 silly idealTree +-- string_decoder@0.10.31
175 silly idealTree +-- type-is@1.6.12
175 silly idealTree +-- uid-safe@2.1.0
175 silly idealTree +-- unpipe@1.0.0
175 silly idealTree +-- utils-merge@1.0.0
175 silly idealTree +-- vary@1.0.1
175 silly idealTree `-- vhost@3.0.2
176 silly generateActionsToTake Starting
177 silly install generateActionsToTake
178 silly generateActionsToTake Finishing
179 silly diffTrees action count 4
180 silly diffTrees add bindings@1.0.0
181 silly diffTrees add nan@2.2.1
182 silly diffTrees add hiredis@0.4.1
183 silly diffTrees add bcrypt@0.7.3
184 silly decomposeActions action count 32
185 silly decomposeActions fetch bindings@1.0.0
186 silly decomposeActions extract bindings@1.0.0
187 silly decomposeActions test bindings@1.0.0
188 silly decomposeActions preinstall bindings@1.0.0
189 silly decomposeActions build bindings@1.0.0
190 silly decomposeActions install bindings@1.0.0
191 silly decomposeActions postinstall bindings@1.0.0
192 silly decomposeActions finalize bindings@1.0.0
193 silly decomposeActions fetch nan@2.2.1
194 silly decomposeActions extract nan@2.2.1
195 silly decomposeActions test nan@2.2.1
196 silly decomposeActions preinstall nan@2.2.1
197 silly decomposeActions build nan@2.2.1
198 silly decomposeActions install nan@2.2.1
199 silly decomposeActions postinstall nan@2.2.1
200 silly decomposeActions finalize nan@2.2.1
201 silly decomposeActions fetch hiredis@0.4.1
202 silly decomposeActions extract hiredis@0.4.1
203 silly decomposeActions test hiredis@0.4.1
204 silly decomposeActions preinstall hiredis@0.4.1
205 silly decomposeActions build hiredis@0.4.1
206 silly decomposeActions install hiredis@0.4.1
207 silly decomposeActions postinstall hiredis@0.4.1
208 silly decomposeActions finalize hiredis@0.4.1
209 silly decomposeActions fetch bcrypt@0.7.3
210 silly decomposeActions extract bcrypt@0.7.3
211 silly decomposeActions test bcrypt@0.7.3
212 silly decomposeActions preinstall bcrypt@0.7.3
213 silly decomposeActions build bcrypt@0.7.3
214 silly decomposeActions install bcrypt@0.7.3
215 silly decomposeActions postinstall bcrypt@0.7.3
216 silly decomposeActions finalize bcrypt@0.7.3
217 silly executeActions Starting
218 silly install executeActions
219 silly doSerial global-install 0
220 silly doParallel fetch 4
221 verbose correctMkdir C:\Users\wang\AppData\Roaming\npm-cache\_locks correctMkdir not in flight; initializing
222 verbose lock using C:\Users\wang\AppData\Roaming\npm-cache\_locks\staging-11df1689c6959ed3.lock for E:\实习\mywebstorm\nodejs\shoutbox\node_modules\.staging
223 silly doParallel extract 4
224 silly extract bindings@1.0.0
225 silly extract nan@2.2.1
226 silly extract hiredis@0.4.1
227 silly extract bcrypt@0.7.3
228 verbose unbuild node_modules\.staging\bindings-5c666865
229 verbose unbuild node_modules\.staging\nan-0ba86740
230 verbose unbuild node_modules\.staging\hiredis-5958326c
231 verbose unbuild node_modules\.staging\bcrypt-4d6ad189
232 silly gentlyRm E:\实习\mywebstorm\nodejs\shoutbox\node_modules\.staging\bindings-5c666865 is being purged from base E:\实习\mywebstorm\nodejs\shoutbox
233 verbose gentlyRm don't care about contents; nuking E:\实习\mywebstorm\nodejs\shoutbox\node_modules\.staging\bindings-5c666865
234 silly gentlyRm E:\实习\mywebstorm\nodejs\shoutbox\node_modules\.staging\nan-0ba86740 is being purged from base E:\实习\mywebstorm\nodejs\shoutbox
235 verbose gentlyRm don't care about contents; nuking E:\实习\mywebstorm\nodejs\shoutbox\node_modules\.staging\nan-0ba86740
236 silly gentlyRm E:\实习\mywebstorm\nodejs\shoutbox\node_modules\.staging\hiredis-5958326c is being purged from base E:\实习\mywebstorm\nodejs\shoutbox
237 verbose gentlyRm don't care about contents; nuking E:\实习\mywebstorm\nodejs\shoutbox\node_modules\.staging\hiredis-5958326c
238 silly gentlyRm E:\实习\mywebstorm\nodejs\shoutbox\node_modules\.staging\bcrypt-4d6ad189 is being purged from base E:\实习\mywebstorm\nodejs\shoutbox
239 verbose gentlyRm don't care about contents; nuking E:\实习\mywebstorm\nodejs\shoutbox\node_modules\.staging\bcrypt-4d6ad189
240 verbose tar unpack C:\Users\wang\AppData\Roaming\npm-cache\bindings\1.0.0\package.tgz
241 verbose tar unpacking to E:\实习\mywebstorm\nodejs\shoutbox\node_modules\.staging\bindings-5c666865
242 silly gentlyRm E:\实习\mywebstorm\nodejs\shoutbox\node_modules\.staging\bindings-5c666865 is being purged
243 verbose gentlyRm don't care about contents; nuking E:\实习\mywebstorm\nodejs\shoutbox\node_modules\.staging\bindings-5c666865
244 verbose tar unpack C:\Users\wang\AppData\Roaming\npm-cache\nan\2.2.1\package.tgz
245 verbose tar unpacking to E:\实习\mywebstorm\nodejs\shoutbox\node_modules\.staging\nan-0ba86740
246 silly gentlyRm E:\实习\mywebstorm\nodejs\shoutbox\node_modules\.staging\nan-0ba86740 is being purged
247 verbose gentlyRm don't care about contents; nuking E:\实习\mywebstorm\nodejs\shoutbox\node_modules\.staging\nan-0ba86740
248 verbose tar unpack C:\Users\wang\AppData\Roaming\npm-cache\hiredis\0.4.1\package.tgz
249 verbose tar unpacking to E:\实习\mywebstorm\nodejs\shoutbox\node_modules\.staging\hiredis-5958326c
250 silly gentlyRm E:\实习\mywebstorm\nodejs\shoutbox\node_modules\.staging\hiredis-5958326c is being purged
251 verbose gentlyRm don't care about contents; nuking E:\实习\mywebstorm\nodejs\shoutbox\node_modules\.staging\hiredis-5958326c
252 verbose tar unpack C:\Users\wang\AppData\Roaming\npm-cache\bcrypt\0.7.3\package.tgz
253 verbose tar unpacking to E:\实习\mywebstorm\nodejs\shoutbox\node_modules\.staging\bcrypt-4d6ad189
254 silly gentlyRm E:\实习\mywebstorm\nodejs\shoutbox\node_modules\.staging\bcrypt-4d6ad189 is being purged
255 verbose gentlyRm don't care about contents; nuking E:\实习\mywebstorm\nodejs\shoutbox\node_modules\.staging\bcrypt-4d6ad189
256 silly gunzTarPerm modes [ '777', '666' ]
257 silly gunzTarPerm modes [ '777', '666' ]
258 silly gunzTarPerm modes [ '777', '666' ]
259 silly gunzTarPerm modes [ '777', '666' ]
260 silly gunzTarPerm extractEntry package.json
261 silly gunzTarPerm modified mode [ 'package.json', 420, 438 ]
262 silly gunzTarPerm extractEntry package.json
263 silly gunzTarPerm modified mode [ 'package.json', 436, 438 ]
264 silly gunzTarPerm extractEntry package.json
265 silly gunzTarPerm modified mode [ 'package.json', 420, 438 ]
266 silly gunzTarPerm extractEntry package.json
267 silly gunzTarPerm modified mode [ 'package.json', 420, 438 ]
268 silly gunzTarPerm extractEntry README.md
269 silly gunzTarPerm modified mode [ 'README.md', 420, 438 ]
270 silly gunzTarPerm extractEntry bindings.js
271 silly gunzTarPerm modified mode [ 'bindings.js', 420, 438 ]
272 silly gunzTarPerm extractEntry include_dirs.js
273 silly gunzTarPerm modified mode [ 'include_dirs.js', 436, 438 ]
274 silly gunzTarPerm extractEntry nan_converters.h
275 silly gunzTarPerm modified mode [ 'nan_converters.h', 436, 438 ]
276 silly gunzTarPerm extractEntry .npmignore
277 silly gunzTarPerm modified mode [ '.npmignore', 420, 438 ]
278 silly gunzTarPerm extractEntry README.md
279 silly gunzTarPerm modified mode [ 'README.md', 420, 438 ]
280 silly gunzTarPerm extractEntry .npmignore
281 silly gunzTarPerm modified mode [ '.npmignore', 420, 438 ]
282 silly gunzTarPerm extractEntry README.md
283 silly gunzTarPerm modified mode [ 'README.md', 420, 438 ]
284 silly gunzTarPerm extractEntry LICENSE.md
285 silly gunzTarPerm modified mode [ 'LICENSE.md', 436, 438 ]
286 silly gunzTarPerm extractEntry .dntrc
287 silly gunzTarPerm modified mode [ '.dntrc', 436, 438 ]
288 silly gunzTarPerm extractEntry hiredis.js
289 silly gunzTarPerm modified mode [ 'hiredis.js', 420, 438 ]
290 silly gunzTarPerm extractEntry bench.js
291 silly gunzTarPerm modified mode [ 'bench.js', 420, 438 ]
292 silly gunzTarPerm extractEntry LICENSE
293 silly gunzTarPerm modified mode [ 'LICENSE', 420, 438 ]
294 silly gunzTarPerm extractEntry bcrypt.js
295 silly gunzTarPerm modified mode [ 'bcrypt.js', 420, 438 ]
296 silly gunzTarPerm extractEntry .travis.yml
297 silly gunzTarPerm modified mode [ '.travis.yml', 420, 438 ]
298 silly gunzTarPerm extractEntry CHANGELOG.md
299 silly gunzTarPerm modified mode [ 'CHANGELOG.md', 420, 438 ]
300 silly gunzTarPerm extractEntry Makefile
301 silly gunzTarPerm modified mode [ 'Makefile', 420, 438 ]
302 silly gunzTarPerm extractEntry appveyor.yml
303 silly gunzTarPerm modified mode [ 'appveyor.yml', 436, 438 ]
304 silly gunzTarPerm extractEntry doc/new.md
305 silly gunzTarPerm modified mode [ 'doc/new.md', 436, 438 ]
306 silly gunzTarPerm extractEntry src/node_blf.h
307 silly gunzTarPerm modified mode [ 'src/node_blf.h', 420, 438 ]
308 silly gunzTarPerm extractEntry src/bcrypt.cc
309 silly gunzTarPerm modified mode [ 'src/bcrypt.cc', 420, 438 ]
310 silly gunzTarPerm extractEntry appveyor.yml
311 silly gunzTarPerm modified mode [ 'appveyor.yml', 420, 438 ]
312 silly gunzTarPerm extractEntry .gitmodules
313 silly gunzTarPerm modified mode [ '.gitmodules', 420, 438 ]
314 silly gunzTarPerm extractEntry doc/.build.sh
315 silly gunzTarPerm modified mode [ 'doc/.build.sh', 509, 511 ]
316 silly gentlyRm E:\实习\mywebstorm\nodejs\shoutbox\node_modules\.staging\bindings-5c666865\node_modules is being purged
317 verbose gentlyRm don't care about contents; nuking E:\实习\mywebstorm\nodejs\shoutbox\node_modules\.staging\bindings-5c666865\node_modules
318 silly gunzTarPerm extractEntry src/bcrypt_node.cc
319 silly gunzTarPerm modified mode [ 'src/bcrypt_node.cc', 420, 438 ]
320 silly gunzTarPerm extractEntry src/blowfish.cc
321 silly gunzTarPerm modified mode [ 'src/blowfish.cc', 420, 438 ]
322 silly gunzTarPerm extractEntry doc/buffers.md
323 silly gunzTarPerm modified mode [ 'doc/buffers.md', 436, 438 ]
324 silly gunzTarPerm extractEntry doc/callback.md
325 silly gunzTarPerm modified mode [ 'doc/callback.md', 436, 438 ]
326 silly gunzTarPerm extractEntry binding.gyp
327 silly gunzTarPerm modified mode [ 'binding.gyp', 420, 438 ]
328 silly gunzTarPerm extractEntry deps/hiredis/.npmignore
329 silly gunzTarPerm modified mode [ 'deps/hiredis/.npmignore', 420, 438 ]
330 silly gunzTarPerm extractEntry deps/hiredis/README.md
331 silly gunzTarPerm modified mode [ 'deps/hiredis/README.md', 420, 438 ]
332 silly gunzTarPerm extractEntry deps/hiredis/CHANGELOG.md
333 silly gunzTarPerm modified mode [ 'deps/hiredis/CHANGELOG.md', 420, 438 ]
334 silly gunzTarPerm extractEntry deps/hiredis/COPYING
335 silly gunzTarPerm modified mode [ 'deps/hiredis/COPYING', 420, 438 ]
336 silly gunzTarPerm extractEntry deps/hiredis/Makefile
337 silly gunzTarPerm modified mode [ 'deps/hiredis/Makefile', 420, 438 ]
338 silly gunzTarPerm extractEntry deps/hiredis/win32.h
339 silly gunzTarPerm modified mode [ 'deps/hiredis/win32.h', 420, 438 ]
340 silly gunzTarPerm extractEntry deps/hiredis/adapters/ae.h
341 silly gunzTarPerm modified mode [ 'deps/hiredis/adapters/ae.h', 420, 438 ]
342 silly gunzTarPerm extractEntry deps/hiredis/adapters/glib.h
343 silly gunzTarPerm modified mode [ 'deps/hiredis/adapters/glib.h', 420, 438 ]
344 silly gunzTarPerm extractEntry deps/hiredis/adapters/libev.h
345 silly gunzTarPerm modified mode [ 'deps/hiredis/adapters/libev.h', 420, 438 ]
346 silly gunzTarPerm extractEntry deps/hiredis/adapters/libevent.h
347 silly gunzTarPerm modified mode [ 'deps/hiredis/adapters/libevent.h', 420, 438 ]
348 silly gunzTarPerm extractEntry deps/hiredis/adapters/libuv.h
349 silly gunzTarPerm modified mode [ 'deps/hiredis/adapters/libuv.h', 420, 438 ]
350 silly gunzTarPerm extractEntry deps/hiredis/async.c
351 silly gunzTarPerm modified mode [ 'deps/hiredis/async.c', 420, 438 ]
352 silly gunzTarPerm extractEntry deps/hiredis/async.h
353 silly gunzTarPerm modified mode [ 'deps/hiredis/async.h', 420, 438 ]
354 silly gunzTarPerm extractEntry deps/hiredis/dict.c
355 silly gunzTarPerm modified mode [ 'deps/hiredis/dict.c', 420, 438 ]
356 silly gunzTarPerm extractEntry deps/hiredis/dict.h
357 silly gunzTarPerm modified mode [ 'deps/hiredis/dict.h', 420, 438 ]
358 silly gunzTarPerm extractEntry deps/hiredis/.travis.yml
359 silly gunzTarPerm modified mode [ 'deps/hiredis/.travis.yml', 420, 438 ]
360 silly gunzTarPerm extractEntry deps/hiredis/fmacros.h
361 silly gunzTarPerm modified mode [ 'deps/hiredis/fmacros.h', 420, 438 ]
362 silly gunzTarPerm extractEntry deps/hiredis/hiredis.c
363 silly gunzTarPerm modified mode [ 'deps/hiredis/hiredis.c', 420, 438 ]
364 silly gunzTarPerm extractEntry deps/hiredis/hiredis.h
365 silly gunzTarPerm modified mode [ 'deps/hiredis/hiredis.h', 420, 438 ]
366 silly gunzTarPerm extractEntry deps/hiredis/net.c
367 silly gunzTarPerm modified mode [ 'deps/hiredis/net.c', 420, 438 ]
368 silly gunzTarPerm extractEntry deps/hiredis/net.h
369 silly gunzTarPerm modified mode [ 'deps/hiredis/net.h', 420, 438 ]
370 silly gunzTarPerm extractEntry deps/hiredis/read.c
371 silly gunzTarPerm modified mode [ 'deps/hiredis/read.c', 420, 438 ]
372 silly gunzTarPerm extractEntry deps/hiredis/read.h
373 silly gunzTarPerm modified mode [ 'deps/hiredis/read.h', 420, 438 ]
374 silly gunzTarPerm extractEntry deps/hiredis/sds.c
375 silly gunzTarPerm modified mode [ 'deps/hiredis/sds.c', 420, 438 ]
376 silly gunzTarPerm extractEntry deps/hiredis/sds.h
377 silly gunzTarPerm modified mode [ 'deps/hiredis/sds.h', 420, 438 ]
378 silly gunzTarPerm extractEntry deps/hiredis/test.c
379 silly gunzTarPerm modified mode [ 'deps/hiredis/test.c', 420, 438 ]
380 silly gunzTarPerm extractEntry deps/hiredis/examples/example-ae.c
381 silly gunzTarPerm modified mode [ 'deps/hiredis/examples/example-ae.c', 420, 438 ]
382 silly gunzTarPerm extractEntry deps/hiredis/examples/example-glib.c
383 silly gunzTarPerm modified mode [ 'deps/hiredis/examples/example-glib.c', 420, 438 ]
384 silly gunzTarPerm extractEntry deps/hiredis/examples/example-libev.c
385 silly gunzTarPerm modified mode [ 'deps/hiredis/examples/example-libev.c', 420, 438 ]
386 silly gunzTarPerm extractEntry deps/hiredis/examples/example-libevent.c
387 silly gunzTarPerm modified mode [ 'deps/hiredis/examples/example-libevent.c', 420, 438 ]
388 silly gunzTarPerm extractEntry deps/hiredis/examples/example-libuv.c
389 silly gunzTarPerm modified mode [ 'deps/hiredis/examples/example-libuv.c', 420, 438 ]
390 silly gunzTarPerm extractEntry deps/hiredis/examples/example.c
391 silly gunzTarPerm modified mode [ 'deps/hiredis/examples/example.c', 420, 438 ]
392 silly gunzTarPerm extractEntry deps/hiredis.gyp
393 silly gunzTarPerm modified mode [ 'deps/hiredis.gyp', 420, 438 ]
394 silly gunzTarPerm extractEntry COPYING
395 silly gunzTarPerm modified mode [ 'COPYING', 420, 438 ]
396 silly gunzTarPerm extractEntry src/hiredis.cc
397 silly gunzTarPerm modified mode [ 'src/hiredis.cc', 420, 438 ]
398 silly gunzTarPerm extractEntry src/reader.cc
399 silly gunzTarPerm modified mode [ 'src/reader.cc', 420, 438 ]
400 silly gunzTarPerm extractEntry src/reader.h
401 silly gunzTarPerm modified mode [ 'src/reader.h', 420, 438 ]
402 silly gunzTarPerm extractEntry .travis.yml
403 silly gunzTarPerm modified mode [ '.travis.yml', 420, 438 ]
404 silly gunzTarPerm extractEntry run-all.sh
405 silly gunzTarPerm modified mode [ 'run-all.sh', 493, 511 ]
406 silly gunzTarPerm extractEntry test/reader.js
407 silly gunzTarPerm modified mode [ 'test/reader.js', 420, 438 ]
408 silly gunzTarPerm extractEntry test/testlib.js
409 silly gunzTarPerm modified mode [ 'test/testlib.js', 420, 438 ]
410 silly gunzTarPerm extractEntry test/writer.js
411 silly gunzTarPerm modified mode [ 'test/writer.js', 420, 438 ]
412 silly gunzTarPerm extractEntry examples/async_compare.js
413 silly gunzTarPerm modified mode [ 'examples/async_compare.js', 420, 438 ]
414 silly gunzTarPerm extractEntry examples/forever_gen_salt.js
415 silly gunzTarPerm modified mode [ 'examples/forever_gen_salt.js', 420, 438 ]
416 silly gunzTarPerm extractEntry doc/converters.md
417 silly gunzTarPerm modified mode [ 'doc/converters.md', 436, 438 ]
418 silly gunzTarPerm extractEntry doc/errors.md
419 silly gunzTarPerm modified mode [ 'doc/errors.md', 436, 438 ]
420 silly gunzTarPerm extractEntry wscript
421 silly gunzTarPerm modified mode [ 'wscript', 420, 438 ]
422 silly gunzTarPerm extractEntry CHANGELOG
423 silly gunzTarPerm modified mode [ 'CHANGELOG', 420, 438 ]
424 silly gunzTarPerm extractEntry doc/maybe_types.md
425 silly gunzTarPerm modified mode [ 'doc/maybe_types.md', 436, 438 ]
426 silly gunzTarPerm extractEntry doc/methods.md
427 silly gunzTarPerm modified mode [ 'doc/methods.md', 436, 438 ]
428 silly gunzTarPerm extractEntry Makefile
429 silly gunzTarPerm modified mode [ 'Makefile', 420, 438 ]
430 silly gunzTarPerm extractEntry binding.gyp
431 silly gunzTarPerm modified mode [ 'binding.gyp', 420, 438 ]
432 silly gunzTarPerm extractEntry doc/asyncworker.md
433 silly gunzTarPerm modified mode [ 'doc/asyncworker.md', 436, 438 ]
434 silly gunzTarPerm extractEntry doc/node_misc.md
435 silly gunzTarPerm modified mode [ 'doc/node_misc.md', 436, 438 ]
436 silly gunzTarPerm extractEntry test/async.js
437 silly gunzTarPerm modified mode [ 'test/async.js', 420, 438 ]
438 silly gunzTarPerm extractEntry test/repetitions.js
439 silly gunzTarPerm modified mode [ 'test/repetitions.js', 420, 438 ]
440 silly gunzTarPerm extractEntry doc/object_wrappers.md
441 silly gunzTarPerm modified mode [ 'doc/object_wrappers.md', 436, 438 ]
442 silly gunzTarPerm extractEntry doc/persistent.md
443 silly gunzTarPerm modified mode [ 'doc/persistent.md', 436, 438 ]
444 silly gunzTarPerm extractEntry test/sync.js
445 silly gunzTarPerm modified mode [ 'test/sync.js', 420, 438 ]
446 silly gunzTarPerm extractEntry test/deprecated.js
447 silly gunzTarPerm modified mode [ 'test/deprecated.js', 420, 438 ]
448 silly gunzTarPerm extractEntry doc/scopes.md
449 silly gunzTarPerm modified mode [ 'doc/scopes.md', 436, 438 ]
450 silly gunzTarPerm extractEntry doc/script.md
451 silly gunzTarPerm modified mode [ 'doc/script.md', 436, 438 ]
452 silly gunzTarPerm extractEntry doc/string_bytes.md
453 silly gunzTarPerm modified mode [ 'doc/string_bytes.md', 436, 438 ]
454 silly gunzTarPerm extractEntry doc/v8_internals.md
455 silly gunzTarPerm modified mode [ 'doc/v8_internals.md', 436, 438 ]
456 silly gunzTarPerm extractEntry doc/v8_misc.md
457 silly gunzTarPerm modified mode [ 'doc/v8_misc.md', 436, 438 ]
458 silly gunzTarPerm extractEntry nan.h
459 silly gunzTarPerm modified mode [ 'nan.h', 436, 438 ]
460 silly gunzTarPerm extractEntry nan_callbacks.h
461 silly gunzTarPerm modified mode [ 'nan_callbacks.h', 436, 438 ]
462 silly gunzTarPerm extractEntry nan_callbacks_12_inl.h
463 silly gunzTarPerm modified mode [ 'nan_callbacks_12_inl.h', 436, 438 ]
464 silly gunzTarPerm extractEntry nan_callbacks_pre_12_inl.h
465 silly gunzTarPerm modified mode [ 'nan_callbacks_pre_12_inl.h', 436, 438 ]
466 silly gunzTarPerm extractEntry nan_converters_43_inl.h
467 silly gunzTarPerm modified mode [ 'nan_converters_43_inl.h', 436, 438 ]
468 silly gunzTarPerm extractEntry nan_converters_pre_43_inl.h
469 silly gunzTarPerm modified mode [ 'nan_converters_pre_43_inl.h', 436, 438 ]
470 silly gunzTarPerm extractEntry nan_implementation_12_inl.h
471 silly gunzTarPerm modified mode [ 'nan_implementation_12_inl.h', 436, 438 ]
472 silly gunzTarPerm extractEntry nan_implementation_pre_12_inl.h
473 silly gunzTarPerm modified mode [ 'nan_implementation_pre_12_inl.h', 436, 438 ]
474 silly gunzTarPerm extractEntry nan_maybe_43_inl.h
475 silly gunzTarPerm modified mode [ 'nan_maybe_43_inl.h', 436, 438 ]
476 silly gunzTarPerm extractEntry nan_maybe_pre_43_inl.h
477 silly gunzTarPerm modified mode [ 'nan_maybe_pre_43_inl.h', 436, 438 ]
478 silly gunzTarPerm extractEntry nan_new.h
479 silly gunzTarPerm modified mode [ 'nan_new.h', 436, 438 ]
480 silly gunzTarPerm extractEntry nan_object_wrap.h
481 silly gunzTarPerm modified mode [ 'nan_object_wrap.h', 436, 438 ]
482 silly gunzTarPerm extractEntry nan_persistent_12_inl.h
483 silly gunzTarPerm modified mode [ 'nan_persistent_12_inl.h', 436, 438 ]
484 silly gunzTarPerm extractEntry nan_persistent_pre_12_inl.h
485 silly gunzTarPerm modified mode [ 'nan_persistent_pre_12_inl.h', 436, 438 ]
486 silly gunzTarPerm extractEntry nan_string_bytes.h
487 silly gunzTarPerm modified mode [ 'nan_string_bytes.h', 436, 438 ]
488 silly gunzTarPerm extractEntry nan_typedarray_contents.h
489 silly gunzTarPerm modified mode [ 'nan_typedarray_contents.h', 436, 438 ]
490 silly gunzTarPerm extractEntry nan_weak.h
491 silly gunzTarPerm modified mode [ 'nan_weak.h', 436, 438 ]
492 silly gunzTarPerm extractEntry CHANGELOG.md
493 silly gunzTarPerm modified mode [ 'CHANGELOG.md', 436, 438 ]
494 silly gunzTarPerm extractEntry tools/package.json
495 silly gunzTarPerm modified mode [ 'tools/package.json', 436, 438 ]
496 silly gunzTarPerm extractEntry tools/README.md
497 silly gunzTarPerm modified mode [ 'tools/README.md', 436, 438 ]
498 silly gunzTarPerm extractEntry tools/1to2.js
499 silly gunzTarPerm modified mode [ 'tools/1to2.js', 509, 511 ]
500 silly gentlyRm E:\实习\mywebstorm\nodejs\shoutbox\node_modules\.staging\bcrypt-4d6ad189\node_modules is being purged
501 verbose gentlyRm don't care about contents; nuking E:\实习\mywebstorm\nodejs\shoutbox\node_modules\.staging\bcrypt-4d6ad189\node_modules
502 silly gentlyRm E:\实习\mywebstorm\nodejs\shoutbox\node_modules\.staging\nan-0ba86740\node_modules is being purged
503 verbose gentlyRm don't care about contents; nuking E:\实习\mywebstorm\nodejs\shoutbox\node_modules\.staging\nan-0ba86740\node_modules
504 silly gentlyRm E:\实习\mywebstorm\nodejs\shoutbox\node_modules\.staging\hiredis-5958326c\node_modules is being purged
505 verbose gentlyRm don't care about contents; nuking E:\实习\mywebstorm\nodejs\shoutbox\node_modules\.staging\hiredis-5958326c\node_modules
506 silly doParallel preinstall 4
507 silly preinstall bindings@1.0.0 E:\实习\mywebstorm\nodejs\shoutbox\node_modules\.staging\bindings-5c666865
508 info lifecycle bindings@1.0.0~preinstall: bindings@1.0.0
509 silly preinstall nan@2.2.1 E:\实习\mywebstorm\nodejs\shoutbox\node_modules\.staging\nan-0ba86740
510 info lifecycle nan@2.2.1~preinstall: nan@2.2.1
511 silly preinstall hiredis@0.4.1 E:\实习\mywebstorm\nodejs\shoutbox\node_modules\.staging\hiredis-5958326c
512 info lifecycle hiredis@0.4.1~preinstall: hiredis@0.4.1
513 silly preinstall bcrypt@0.7.3 E:\实习\mywebstorm\nodejs\shoutbox\node_modules\.staging\bcrypt-4d6ad189
514 info lifecycle bcrypt@0.7.3~preinstall: bcrypt@0.7.3
515 silly lifecycle bindings@1.0.0~preinstall: no script for preinstall, continuing
516 silly lifecycle nan@2.2.1~preinstall: no script for preinstall, continuing
517 silly lifecycle hiredis@0.4.1~preinstall: no script for preinstall, continuing
518 silly lifecycle bcrypt@0.7.3~preinstall: no script for preinstall, continuing
519 silly doReverseSerial remove 0
520 silly doSerial move 0
521 silly doSerial finalize 4
522 silly finalize E:\实习\mywebstorm\nodejs\shoutbox\node_modules\bindings
523 silly finalize E:\实习\mywebstorm\nodejs\shoutbox\node_modules\nan
524 silly finalize E:\实习\mywebstorm\nodejs\shoutbox\node_modules\hiredis
525 silly finalize E:\实习\mywebstorm\nodejs\shoutbox\node_modules\bcrypt
526 silly doSerial build 4
527 silly build bindings@1.0.0
528 info linkStuff bindings@1.0.0
529 silly linkStuff bindings@1.0.0 has E:\实习\mywebstorm\nodejs\shoutbox\node_modules as its parent node_modules
530 verbose linkBins bindings@1.0.0
531 verbose linkMans bindings@1.0.0
532 silly build nan@2.2.1
533 info linkStuff nan@2.2.1
534 silly linkStuff nan@2.2.1 has E:\实习\mywebstorm\nodejs\shoutbox\node_modules as its parent node_modules
535 verbose linkBins nan@2.2.1
536 verbose linkMans nan@2.2.1
537 silly build hiredis@0.4.1
538 info linkStuff hiredis@0.4.1
539 silly linkStuff hiredis@0.4.1 has E:\实习\mywebstorm\nodejs\shoutbox\node_modules as its parent node_modules
540 verbose linkBins hiredis@0.4.1
541 verbose linkMans hiredis@0.4.1
542 silly build bcrypt@0.7.3
543 info linkStuff bcrypt@0.7.3
544 silly linkStuff bcrypt@0.7.3 has E:\实习\mywebstorm\nodejs\shoutbox\node_modules as its parent node_modules
545 verbose linkBins bcrypt@0.7.3
546 verbose linkMans bcrypt@0.7.3
547 silly doSerial global-link 0
548 silly doParallel update-linked 0
549 silly doSerial install 4
550 silly install bindings@1.0.0 E:\实习\mywebstorm\nodejs\shoutbox\node_modules\.staging\bindings-5c666865
551 info lifecycle bindings@1.0.0~install: bindings@1.0.0
552 silly lifecycle bindings@1.0.0~install: no script for install, continuing
553 silly install nan@2.2.1 E:\实习\mywebstorm\nodejs\shoutbox\node_modules\.staging\nan-0ba86740
554 info lifecycle nan@2.2.1~install: nan@2.2.1
555 silly lifecycle nan@2.2.1~install: no script for install, continuing
556 silly install hiredis@0.4.1 E:\实习\mywebstorm\nodejs\shoutbox\node_modules\.staging\hiredis-5958326c
557 info lifecycle hiredis@0.4.1~install: hiredis@0.4.1
558 verbose lifecycle hiredis@0.4.1~install: unsafe-perm in lifecycle true
559 verbose lifecycle hiredis@0.4.1~install: PATH: C:\Users\wang\AppData\Roaming\npm\node_modules\npm\bin\node-gyp-bin;E:\实习\mywebstorm\nodejs\shoutbox\node_modules\hiredis\node_modules\.bin;E:\实习\mywebstorm\nodejs\shoutbox\node_modules\.bin;E:\studySoftware\nodejs\setupnew;C:\Program Files (x86)\NVIDIA Corporation\PhysX\Common;C:\windows\system32;C:\windows;C:\windows\System32\Wbem;C:\windows\System32\WindowsPowerShell\v1.0\;C:\Program Files (x86)\Point Grey Research\FlyCapture2\bin;E:\常用软件\tortoise_svn\bin;%US;RPROFILE%\.dnx\bin;C:\Program Files\Microsoft DNX\Dnvm\;E:\studySoftware\java\jdk1.8.0_74\bin;E:\studySoftware\java\jdk1.8.0_74\jre;D:\matlab\anzhuang2008\bin;D:\matlab\anzhuang2008\bin\win64;E:\studySoftware\nodejs\setupnew\;C:\wamp\bin\mysql\mysql5.6.17\bin;C:\Users\wang\AppData\Roaming\npm
560 verbose lifecycle hiredis@0.4.1~install: CWD: E:\实习\mywebstorm\nodejs\shoutbox\node_modules\hiredis
561 silly lifecycle hiredis@0.4.1~install: Args: [ '/d /s /c', 'node-gyp rebuild' ]
562 silly lifecycle hiredis@0.4.1~install: Returned: code: 1  signal: null
563 info lifecycle hiredis@0.4.1~install: Failed to exec install script
564 warn install:hiredis@0.4.1 hiredis@0.4.1 install: `node-gyp rebuild`
564 warn install:hiredis@0.4.1 Exit status 1
565 verbose install:hiredis@0.4.1 Error: hiredis@0.4.1 install: `node-gyp rebuild`
565 verbose install:hiredis@0.4.1 Exit status 1
565 verbose install:hiredis@0.4.1     at EventEmitter.<anonymous> (C:\Users\wang\AppData\Roaming\npm\node_modules\npm\lib\utils\lifecycle.js:239:16)
565 verbose install:hiredis@0.4.1     at emitTwo (events.js:87:13)
565 verbose install:hiredis@0.4.1     at EventEmitter.emit (events.js:172:7)
565 verbose install:hiredis@0.4.1     at ChildProcess.<anonymous> (C:\Users\wang\AppData\Roaming\npm\node_modules\npm\lib\utils\spawn.js:24:14)
565 verbose install:hiredis@0.4.1     at emitTwo (events.js:87:13)
565 verbose install:hiredis@0.4.1     at ChildProcess.emit (events.js:172:7)
565 verbose install:hiredis@0.4.1     at maybeClose (internal/child_process.js:827:16)
565 verbose install:hiredis@0.4.1     at Process.ChildProcess._handle.onexit (internal/child_process.js:211:5)
566 silly install bcrypt@0.7.3 E:\实习\mywebstorm\nodejs\shoutbox\node_modules\.staging\bcrypt-4d6ad189
567 info lifecycle bcrypt@0.7.3~install: bcrypt@0.7.3
568 verbose lifecycle bcrypt@0.7.3~install: unsafe-perm in lifecycle true
569 verbose lifecycle bcrypt@0.7.3~install: PATH: C:\Users\wang\AppData\Roaming\npm\node_modules\npm\bin\node-gyp-bin;E:\实习\mywebstorm\nodejs\shoutbox\node_modules\bcrypt\node_modules\.bin;E:\实习\mywebstorm\nodejs\shoutbox\node_modules\.bin;E:\studySoftware\nodejs\setupnew;C:\Program Files (x86)\NVIDIA Corporation\PhysX\Common;C:\windows\system32;C:\windows;C:\windows\System32\Wbem;C:\windows\System32\WindowsPowerShell\v1.0\;C:\Program Files (x86)\Point Grey Research\FlyCapture2\bin;E:\常用软件\tortoise_svn\bin;%US;RPROFILE%\.dnx\bin;C:\Program Files\Microsoft DNX\Dnvm\;E:\studySoftware\java\jdk1.8.0_74\bin;E:\studySoftware\java\jdk1.8.0_74\jre;D:\matlab\anzhuang2008\bin;D:\matlab\anzhuang2008\bin\win64;E:\studySoftware\nodejs\setupnew\;C:\wamp\bin\mysql\mysql5.6.17\bin;C:\Users\wang\AppData\Roaming\npm
570 verbose lifecycle bcrypt@0.7.3~install: CWD: E:\实习\mywebstorm\nodejs\shoutbox\node_modules\bcrypt
571 silly lifecycle bcrypt@0.7.3~install: Args: [ '/d /s /c', 'node-gyp rebuild' ]
572 silly lifecycle bcrypt@0.7.3~install: Returned: code: 1  signal: null
573 info lifecycle bcrypt@0.7.3~install: Failed to exec install script
574 verbose unlock done using C:\Users\wang\AppData\Roaming\npm-cache\_locks\staging-11df1689c6959ed3.lock for E:\实习\mywebstorm\nodejs\shoutbox\node_modules\.staging
575 silly rollbackFailedOptional Starting
576 silly rollbackFailedOptional Finishing
577 silly runTopLevelLifecycles Starting
578 silly runTopLevelLifecycles Finishing
579 silly install printInstalled
580 verbose stack Error: bcrypt@0.7.3 install: `node-gyp rebuild`
580 verbose stack Exit status 1
580 verbose stack     at EventEmitter.<anonymous> (C:\Users\wang\AppData\Roaming\npm\node_modules\npm\lib\utils\lifecycle.js:239:16)
580 verbose stack     at emitTwo (events.js:87:13)
580 verbose stack     at EventEmitter.emit (events.js:172:7)
580 verbose stack     at ChildProcess.<anonymous> (C:\Users\wang\AppData\Roaming\npm\node_modules\npm\lib\utils\spawn.js:24:14)
580 verbose stack     at emitTwo (events.js:87:13)
580 verbose stack     at ChildProcess.emit (events.js:172:7)
580 verbose stack     at maybeClose (internal/child_process.js:827:16)
580 verbose stack     at Process.ChildProcess._handle.onexit (internal/child_process.js:211:5)
581 verbose pkgid bcrypt@0.7.3
582 verbose cwd E:\实习\mywebstorm\nodejs\shoutbox
583 error Windows_NT 10.0.10586
584 error argv "E:\\studySoftware\\nodejs\\setupnew\\node.exe" "C:\\Users\\wang\\AppData\\Roaming\\npm\\node_modules\\npm\\bin\\npm-cli.js" "install" "bcrypt"
585 error node v4.4.0
586 error npm  v3.8.3
587 error code ELIFECYCLE
588 error bcrypt@0.7.3 install: `node-gyp rebuild`
588 error Exit status 1
589 error Failed at the bcrypt@0.7.3 install script 'node-gyp rebuild'.
589 error Make sure you have the latest version of node.js and npm installed.
589 error If you do, this is most likely a problem with the bcrypt package,
589 error not with npm itself.
589 error Tell the author that this fails on your system:
589 error     node-gyp rebuild
589 error You can get information on how to open an issue for this project with:
589 error     npm bugs bcrypt
589 error Or if that isn't available, you can get their info via:
589 error     npm owner ls bcrypt
589 error There is likely additional logging output above.
590 verbose exit [ 1, true ]
